app/components/Navbar.tsx(23,5): error TS17004: Cannot use JSX unless the '--jsx' flag is provided.
app/components/Navbar.tsx(24,7): error TS17004: Cannot use JSX unless the '--jsx' flag is provided.
app/components/Navbar.tsx(27,9): error TS17004: Cannot use JSX unless the '--jsx' flag is provided.
app/components/Navbar.tsx(28,11): error TS17004: Cannot use JSX unless the '--jsx' flag is provided.
app/components/Navbar.tsx(29,11): error TS17004: Cannot use JSX unless the '--jsx' flag is provided.
app/components/Navbar.tsx(33,9): error TS17004: Cannot use JSX unless the '--jsx' flag is provided.
app/components/Navbar.tsx(34,11): error TS17004: Cannot use JSX unless the '--jsx' flag is provided.
app/components/Navbar.tsx(35,11): error TS17004: Cannot use JSX unless the '--jsx' flag is provided.
app/components/Navbar.tsx(36,11): error TS17004: Cannot use JSX unless the '--jsx' flag is provided.
app/components/Navbar.tsx(40,9): error TS17004: Cannot use JSX unless the '--jsx' flag is provided.
app/components/Navbar.tsx(42,11): error TS17004: Cannot use JSX unless the '--jsx' flag is provided.
app/components/Navbar.tsx(43,25): error TS17004: Cannot use JSX unless the '--jsx' flag is provided.
app/components/Navbar.tsx(43,45): error TS17004: Cannot use JSX unless the '--jsx' flag is provided.
app/components/Navbar.tsx(47,11): error TS17004: Cannot use JSX unless the '--jsx' flag is provided.
app/components/Navbar.tsx(48,13): error TS17004: Cannot use JSX unless the '--jsx' flag is provided.
app/components/Navbar.tsx(49,15): error TS17004: Cannot use JSX unless the '--jsx' flag is provided.
app/components/Navbar.tsx(53,15): error TS17004: Cannot use JSX unless the '--jsx' flag is provided.
app/components/Navbar.tsx(55,17): error TS17004: Cannot use JSX unless the '--jsx' flag is provided.
app/components/Navbar.tsx(56,17): error TS17004: Cannot use JSX unless the '--jsx' flag is provided.
app/components/Navbar.tsx(57,17): error TS17004: Cannot use JSX unless the '--jsx' flag is provided.
app/components/Navbar.tsx(63,11): error TS17004: Cannot use JSX unless the '--jsx' flag is provided.
app/components/Navbar.tsx(68,11): error TS17004: Cannot use JSX unless the '--jsx' flag is provided.
app/components/Navbar.tsx(69,23): error TS17004: Cannot use JSX unless the '--jsx' flag is provided.
app/components/Navbar.tsx(69,41): error TS17004: Cannot use JSX unless the '--jsx' flag is provided.
app/components/Navbar.tsx(76,9): error TS17004: Cannot use JSX unless the '--jsx' flag is provided.
app/components/Navbar.tsx(77,11): error TS17004: Cannot use JSX unless the '--jsx' flag is provided.
app/components/Navbar.tsx(78,11): error TS17004: Cannot use JSX unless the '--jsx' flag is provided.
app/components/Navbar.tsx(79,11): error TS17004: Cannot use JSX unless the '--jsx' flag is provided.
app/components/Navbar.tsx(80,11): error TS17004: Cannot use JSX unless the '--jsx' flag is provided.
app/layout.tsx(4,20): error TS2307: Cannot find module '@/components/Navbar' or its corresponding type declarations.
app/layout.tsx(35,5): error TS17004: Cannot use JSX unless the '--jsx' flag is provided.
app/layout.tsx(36,7): error TS17004: Cannot use JSX unless the '--jsx' flag is provided.
app/layout.tsx(37,9): error TS17004: Cannot use JSX unless the '--jsx' flag is provided.
app/layout.tsx(38,9): error TS17004: Cannot use JSX unless the '--jsx' flag is provided.
app/layout.tsx(39,9): error TS17004: Cannot use JSX unless the '--jsx' flag is provided.
app/layout.tsx(40,9): error TS17004: Cannot use JSX unless the '--jsx' flag is provided.
app/layout.tsx(41,9): error TS17004: Cannot use JSX unless the '--jsx' flag is provided.
app/layout.tsx(43,7): error TS17004: Cannot use JSX unless the '--jsx' flag is provided.
app/layout.tsx(46,9): error TS17004: Cannot use JSX unless the '--jsx' flag is provided.
app/layout.tsx(49,9): error TS17004: Cannot use JSX unless the '--jsx' flag is provided.
app/layout.tsx(50,11): error TS17004: Cannot use JSX unless the '--jsx' flag is provided.
app/layout.tsx(59,9): error TS17004: Cannot use JSX unless the '--jsx' flag is provided.
app/layout.tsx(62,9): error TS17004: Cannot use JSX unless the '--jsx' flag is provided.
app/login/page.tsx(13,5): error TS17004: Cannot use JSX unless the '--jsx' flag is provided.
app/login/page.tsx(14,7): error TS17004: Cannot use JSX unless the '--jsx' flag is provided.
app/login/page.tsx(21,9): error TS17004: Cannot use JSX unless the '--jsx' flag is provided.
app/login/page.tsx(29,9): error TS17004: Cannot use JSX unless the '--jsx' flag is provided.
app/login/page.tsx(32,9): error TS17004: Cannot use JSX unless the '--jsx' flag is provided.
app/login/page.tsx(37,11): error TS17004: Cannot use JSX unless the '--jsx' flag is provided.
app/login/page.tsx(43,13): error TS17004: Cannot use JSX unless the '--jsx' flag is provided.
app/login/page.tsx(53,9): error TS17004: Cannot use JSX unless the '--jsx' flag is provided.
app/login/page.tsx(54,11): error TS17004: Cannot use JSX unless the '--jsx' flag is provided.
app/login/page.tsx(63,9): error TS17004: Cannot use JSX unless the '--jsx' flag is provided.
app/login/page.tsx(64,11): error TS17004: Cannot use JSX unless the '--jsx' flag is provided.
app/login/page.tsx(73,9): error TS17004: Cannot use JSX unless the '--jsx' flag is provided.
app/login/page.tsx(80,9): error TS17004: Cannot use JSX unless the '--jsx' flag is provided.
app/login/page.tsx(82,11): error TS17004: Cannot use JSX unless the '--jsx' flag is provided.
app/page.tsx(1,8): error TS1259: Module '"B:/ai-portfolio-builder/node_modules/@types/react/index"' can only be default-imported using the 'esModuleInterop' flag
app/page.tsx(5,5): error TS17004: Cannot use JSX unless the '--jsx' flag is provided.
app/page.tsx(7,7): error TS17004: Cannot use JSX unless the '--jsx' flag is provided.
app/page.tsx(9,9): error TS17004: Cannot use JSX unless the '--jsx' flag is provided.
app/page.tsx(10,11): error TS17004: Cannot use JSX unless the '--jsx' flag is provided.
app/page.tsx(13,9): error TS17004: Cannot use JSX unless the '--jsx' flag is provided.
app/page.tsx(14,11): error TS17004: Cannot use JSX unless the '--jsx' flag is provided.
app/page.tsx(19,7): error TS17004: Cannot use JSX unless the '--jsx' flag is provided.
app/page.tsx(20,9): error TS17004: Cannot use JSX unless the '--jsx' flag is provided.
my-app/src/app/layout.tsx(26,5): error TS17004: Cannot use JSX unless the '--jsx' flag is provided.
my-app/src/app/layout.tsx(27,7): error TS17004: Cannot use JSX unless the '--jsx' flag is provided.
my-app/src/app/page.tsx(5,5): error TS17004: Cannot use JSX unless the '--jsx' flag is provided.
my-app/src/app/page.tsx(6,7): error TS17004: Cannot use JSX unless the '--jsx' flag is provided.
my-app/src/app/page.tsx(7,9): error TS17004: Cannot use JSX unless the '--jsx' flag is provided.
my-app/src/app/page.tsx(15,9): error TS17004: Cannot use JSX unless the '--jsx' flag is provided.
my-app/src/app/page.tsx(16,11): error TS17004: Cannot use JSX unless the '--jsx' flag is provided.
my-app/src/app/page.tsx(18,13): error TS17004: Cannot use JSX unless the '--jsx' flag is provided.
my-app/src/app/page.tsx(23,11): error TS17004: Cannot use JSX unless the '--jsx' flag is provided.
my-app/src/app/page.tsx(26,9): error TS17004: Cannot use JSX unless the '--jsx' flag is provided.
my-app/src/app/page.tsx(27,11): error TS17004: Cannot use JSX unless the '--jsx' flag is provided.
my-app/src/app/page.tsx(33,13): error TS17004: Cannot use JSX unless the '--jsx' flag is provided.
my-app/src/app/page.tsx(42,11): error TS17004: Cannot use JSX unless the '--jsx' flag is provided.
my-app/src/app/page.tsx(52,7): error TS17004: Cannot use JSX unless the '--jsx' flag is provided.
my-app/src/app/page.tsx(53,9): error TS17004: Cannot use JSX unless the '--jsx' flag is provided.
my-app/src/app/page.tsx(59,11): error TS17004: Cannot use JSX unless the '--jsx' flag is provided.
my-app/src/app/page.tsx(68,9): error TS17004: Cannot use JSX unless the '--jsx' flag is provided.
my-app/src/app/page.tsx(74,11): error TS17004: Cannot use JSX unless the '--jsx' flag is provided.
my-app/src/app/page.tsx(83,9): error TS17004: Cannot use JSX unless the '--jsx' flag is provided.
my-app/src/app/page.tsx(89,11): error TS17004: Cannot use JSX unless the '--jsx' flag is provided.
node_modules/next/dist/build/webpack/loaders/next-app-loader/index.d.ts(1,13): error TS2613: Module '"next/dist/compiled/webpack/webpack"' has no default export. Did you mean to use 'import { webpack } from "next/dist/compiled/webpack/webpack"' instead?
node_modules/next/dist/client/components/error-boundary.d.ts(1,8): error TS1259: Module '"B:/ai-portfolio-builder/node_modules/@types/react/index"' can only be default-imported using the 'esModuleInterop' flag
node_modules/next/dist/client/components/http-access-fallback/error-boundary.d.ts(11,8): error TS1259: Module '"B:/ai-portfolio-builder/node_modules/@types/react/index"' can only be default-imported using the 'esModuleInterop' flag
node_modules/next/dist/client/components/layout-router.d.ts(3,8): error TS1259: Module '"B:/ai-portfolio-builder/node_modules/@types/react/index"' can only be default-imported using the 'esModuleInterop' flag
node_modules/next/dist/client/image-component.d.ts(1,8): error TS1259: Module '"B:/ai-portfolio-builder/node_modules/@types/react/index"' can only be default-imported using the 'esModuleInterop' flag
node_modules/next/dist/client/link.d.ts(1,8): error TS1259: Module '"B:/ai-portfolio-builder/node_modules/@types/react/index"' can only be default-imported using the 'esModuleInterop' flag
node_modules/next/dist/client/script.d.ts(1,8): error TS1259: Module '"B:/ai-portfolio-builder/node_modules/@types/react/index"' can only be default-imported using the 'esModuleInterop' flag
node_modules/next/dist/client/with-router.d.ts(1,8): error TS1259: Module '"B:/ai-portfolio-builder/node_modules/@types/react/index"' can only be default-imported using the 'esModuleInterop' flag
node_modules/next/dist/export/types.d.ts(6,13): error TS1192: Module '"next/dist/compiled/amphtml-validator"' has no default export.
node_modules/next/dist/pages/_app.d.ts(1,8): error TS1259: Module '"B:/ai-portfolio-builder/node_modules/@types/react/index"' can only be default-imported using the 'esModuleInterop' flag
node_modules/next/dist/pages/_document.d.ts(1,8): error TS1259: Module '"B:/ai-portfolio-builder/node_modules/@types/react/index"' can only be default-imported using the 'esModuleInterop' flag
node_modules/next/dist/pages/_error.d.ts(1,8): error TS1259: Module '"B:/ai-portfolio-builder/node_modules/@types/react/index"' can only be default-imported using the 'esModuleInterop' flag
node_modules/next/dist/server/app-render/types.d.ts(12,8): error TS1192: Module '"next/dist/compiled/superstruct"' has no default export.
node_modules/next/dist/server/render.d.ts(14,8): error TS1259: Module '"B:/ai-portfolio-builder/node_modules/@types/react/index"' can only be default-imported using the 'esModuleInterop' flag
node_modules/next/dist/server/web/spec-extension/adapters/headers.d.ts(39,16): error TS2304: Cannot find name 'HeadersIterator'.
node_modules/next/dist/server/web/spec-extension/adapters/headers.d.ts(40,13): error TS2304: Cannot find name 'HeadersIterator'.
node_modules/next/dist/server/web/spec-extension/adapters/headers.d.ts(41,15): error TS2304: Cannot find name 'HeadersIterator'.
node_modules/next/dist/server/web/spec-extension/adapters/headers.d.ts(42,26): error TS2304: Cannot find name 'HeadersIterator'.
node_modules/next/dist/shared/lib/amp-context.shared-runtime.d.ts(1,8): error TS1259: Module '"B:/ai-portfolio-builder/node_modules/@types/react/index"' can only be default-imported using the 'esModuleInterop' flag
node_modules/next/dist/shared/lib/app-router-context.shared-runtime.d.ts(4,8): error TS1259: Module '"B:/ai-portfolio-builder/node_modules/@types/react/index"' can only be default-imported using the 'esModuleInterop' flag
node_modules/next/dist/shared/lib/dynamic.d.ts(1,8): error TS1259: Module '"B:/ai-portfolio-builder/node_modules/@types/react/index"' can only be default-imported using the 'esModuleInterop' flag
node_modules/next/dist/shared/lib/head-manager-context.shared-runtime.d.ts(1,8): error TS1259: Module '"B:/ai-portfolio-builder/node_modules/@types/react/index"' can only be default-imported using the 'esModuleInterop' flag
node_modules/next/dist/shared/lib/head.d.ts(1,8): error TS1259: Module '"B:/ai-portfolio-builder/node_modules/@types/react/index"' can only be default-imported using the 'esModuleInterop' flag
node_modules/next/dist/shared/lib/image-config-context.shared-runtime.d.ts(1,8): error TS1259: Module '"B:/ai-portfolio-builder/node_modules/@types/react/index"' can only be default-imported using the 'esModuleInterop' flag
node_modules/next/dist/shared/lib/loadable-context.shared-runtime.d.ts(1,8): error TS1259: Module '"B:/ai-portfolio-builder/node_modules/@types/react/index"' can only be default-imported using the 'esModuleInterop' flag
node_modules/next/dist/shared/lib/loadable.shared-runtime.d.ts(21,8): error TS1259: Module '"B:/ai-portfolio-builder/node_modules/@types/react/index"' can only be default-imported using the 'esModuleInterop' flag
node_modules/next/dist/shared/lib/router-context.shared-runtime.d.ts(1,8): error TS1259: Module '"B:/ai-portfolio-builder/node_modules/@types/react/index"' can only be default-imported using the 'esModuleInterop' flag
node_modules/next/dist/shared/lib/server-inserted-html.shared-runtime.d.ts(1,8): error TS1259: Module '"B:/ai-portfolio-builder/node_modules/@types/react/index"' can only be default-imported using the 'esModuleInterop' flag
node_modules/next/dist/shared/lib/utils.d.ts(10,13): error TS1192: Module '"fs"' has no default export.
node_modules/next/dist/styled-jsx/types/global.d.ts(1,8): error TS1259: Module '"B:/ai-portfolio-builder/node_modules/@types/react/index"' can only be default-imported using the 'esModuleInterop' flag
node_modules/next/dist/types.d.ts(4,23): error TS2688: Cannot find type definition file for 'react-dom'.
node_modules/next/dist/types.d.ts(5,23): error TS2688: Cannot find type definition file for 'react-dom/experimental'.
node_modules/next/dist/types.d.ts(8,13): error TS1259: Module '"B:/ai-portfolio-builder/node_modules/@types/react/index"' can only be default-imported using the 'esModuleInterop' flag
tsconfig.json(1,1): error TS1005: '{' expected.
tsconfig.json(1,1): error TS6258: 'paths' should be set inside the 'compilerOptions' object of the config json file
tsconfig.json(5,1): error TS1005: '}' expected.
